[debug] [2022-04-05T17:37:20.242Z] ----------------------------------------------------------------------
[debug] [2022-04-05T17:37:20.243Z] Command:       C:\Program Files\nodejs\node.exe C:\Users\Ricardo\AppData\Roaming\npm\node_modules\firebase-tools\lib\bin\firebase.js init
[debug] [2022-04-05T17:37:20.244Z] CLI Version:   10.6.0
[debug] [2022-04-05T17:37:20.244Z] Platform:      win32
[debug] [2022-04-05T17:37:20.244Z] Node Version:  v16.13.2
[debug] [2022-04-05T17:37:20.245Z] Time:          Tue Apr 05 2022 18:37:20 GMT+0100 (Hora de verão da Europa Ocidental)
[debug] [2022-04-05T17:37:20.245Z] ----------------------------------------------------------------------
[debug] 
[debug] [2022-04-05T17:37:20.290Z] > command requires scopes: ["email","openid","https://www.googleapis.com/auth/cloudplatformprojects.readonly","https://www.googleapis.com/auth/firebase","https://www.googleapis.com/auth/cloud-platform"]
[debug] [2022-04-05T17:37:20.290Z] > authorizing via signed-in user (ricardojsribeiro99@gmail.com)
[info] 
     ######## #### ########  ######## ########     ###     ######  ########
     ##        ##  ##     ## ##       ##     ##  ##   ##  ##       ##
     ######    ##  ########  ######   ########  #########  ######  ######
     ##        ##  ##    ##  ##       ##     ## ##     ##       ## ##
     ##       #### ##     ## ######## ########  ##     ##  ######  ########

You're about to initialize a Firebase project in this directory:

  D:\Users\Ricardo\Desktop\sparta-website\house-sparta

Before we get started, keep in mind:

  * You are initializing within an existing Firebase project directory

